<?xml version="1.0" encoding="UTF-8"?>
<testsuite name="com.zeus.MappingTest" tests="1" skipped="0" failures="0" errors="0" timestamp="2016-04-07T08:19:30" hostname="X-Man.local" time="0.402">
  <properties/>
  <testcase name="testNormal" classname="com.zeus.MappingTest" time="0.402"/>
  <system-out><![CDATA[SourceObject{status=SUCCESS, username='wang', password='qi', age=1, alive=true, birthday=Thu Apr 07 16:19:30 CST 2016, subItemList=[SubItem{address='shanghai1', family=[wang1, qi1], size=2}, SubItem{address='shanghai2', family=[wang2, qi2], size=3}], subItem=SubItem{address='shanghai', family=[wang, qi], size=1}}
DestinationObject{username='wang', password='qi', age=1, gender='true', destinatoinStatus=SUCCESS, subItemDes=SubItemDes{add='shanghai', fam=[wang, qi], size=1}, subItemList=[SubItemDes{add='null', fam=null, size=2}, SubItemDes{add='null', fam=null, size=3}], date=Thu Apr 07 16:19:30 CST 2016}
]]></system-out>
  <system-err><![CDATA[log4j:WARN No appenders could be found for logger (org.dozer.config.GlobalSettings).
log4j:WARN Please initialize the log4j system properly.
log4j:WARN See http://logging.apache.org/log4j/1.2/faq.html#noconfig for more info.
]]></system-err>
</testsuite>
